0 info it worked if it ends with ok
1 verbose cli [ '/Users/ClearVisionHQ/.nvm/versions/node/v0.12.1/bin/node',
1 verbose cli   '/Users/ClearVisionHQ/.nvm/versions/node/v0.12.1/bin/npm',
1 verbose cli   'run',
1 verbose cli   'refresh' ]
2 info using npm@2.5.1
3 info using node@v0.12.1
4 verbose run-script [ 'prerefresh', 'refresh', 'postrefresh' ]
5 info prerefresh spearhead-alpha-0.3@1.0.0
6 info refresh spearhead-alpha-0.3@1.0.0
7 verbose unsafe-perm in lifecycle true
8 info spearhead-alpha-0.3@1.0.0 Failed to exec refresh script
9 verbose stack Error: spearhead-alpha-0.3@1.0.0 refresh: `gulp && node app.js`
9 verbose stack Exit status 1
9 verbose stack     at EventEmitter.<anonymous> (/Users/ClearVisionHQ/.nvm/versions/node/v0.12.1/lib/node_modules/npm/lib/utils/lifecycle.js:213:16)
9 verbose stack     at EventEmitter.emit (events.js:110:17)
9 verbose stack     at ChildProcess.<anonymous> (/Users/ClearVisionHQ/.nvm/versions/node/v0.12.1/lib/node_modules/npm/lib/utils/spawn.js:14:12)
9 verbose stack     at ChildProcess.emit (events.js:110:17)
9 verbose stack     at maybeClose (child_process.js:1008:16)
9 verbose stack     at Process.ChildProcess._handle.onexit (child_process.js:1080:5)
10 verbose pkgid spearhead-alpha-0.3@1.0.0
11 verbose cwd /Users/ClearVisionHQ/Desktop/spearhead-alpha-node
12 error Darwin 14.4.0
13 error argv "/Users/ClearVisionHQ/.nvm/versions/node/v0.12.1/bin/node" "/Users/ClearVisionHQ/.nvm/versions/node/v0.12.1/bin/npm" "run" "refresh"
14 error node v0.12.1
15 error npm  v2.5.1
16 error code ELIFECYCLE
17 error spearhead-alpha-0.3@1.0.0 refresh: `gulp && node app.js`
17 error Exit status 1
18 error Failed at the spearhead-alpha-0.3@1.0.0 refresh script 'gulp && node app.js'.
18 error This is most likely a problem with the spearhead-alpha-0.3 package,
18 error not with npm itself.
18 error Tell the author that this fails on your system:
18 error     gulp && node app.js
18 error You can get their info via:
18 error     npm owner ls spearhead-alpha-0.3
18 error There is likely additional logging output above.
19 verbose exit [ 1, true ]
